r:\documentos\git\projetos\learnopengl\light\lighting01\bin-int\debug-x64\lighting\vc141.pdb
r:\documentos\git\projetos\learnopengl\light\lighting01\bin-int\debug-x64\lighting\vc141.idb
r:\documentos\git\projetos\learnopengl\light\lighting01\bin-int\debug-x64\lighting\stb_image.obj
r:\documentos\git\projetos\learnopengl\light\lighting01\bin-int\debug-x64\lighting\wins.obj
r:\documentos\git\projetos\learnopengl\light\lighting01\bin-int\debug-x64\lighting\texture.obj
r:\documentos\git\projetos\learnopengl\light\lighting01\bin-int\debug-x64\lighting\shader.obj
r:\documentos\git\projetos\learnopengl\light\lighting01\bin-int\debug-x64\lighting\mesh.obj
r:\documentos\git\projetos\learnopengl\light\lighting01\bin-int\debug-x64\lighting\main.obj
r:\documentos\git\projetos\learnopengl\light\lighting01\bin-int\debug-x64\lighting\camera.obj
r:\documentos\git\projetos\learnopengl\light\lighting01\bin-int\debug-x64\lighting\glad.obj
r:\documentos\git\projetos\learnopengl\light\lighting02\bin-int\debug-x64\lighting\vc141.pdb
r:\documentos\git\projetos\learnopengl\light\lighting02\bin-int\debug-x64\lighting\vc141.idb
r:\documentos\git\projetos\learnopengl\light\lighting02\bin-int\debug-x64\lighting\stb_image.obj
r:\documentos\git\projetos\learnopengl\light\lighting02\bin-int\debug-x64\lighting\wins.obj
r:\documentos\git\projetos\learnopengl\light\lighting02\bin-int\debug-x64\lighting\texture.obj
r:\documentos\git\projetos\learnopengl\light\lighting02\bin-int\debug-x64\lighting\shader.obj
r:\documentos\git\projetos\learnopengl\light\lighting02\bin-int\debug-x64\lighting\mesh.obj
r:\documentos\git\projetos\learnopengl\light\lighting02\bin-int\debug-x64\lighting\main.obj
r:\documentos\git\projetos\learnopengl\light\lighting02\bin-int\debug-x64\lighting\camera.obj
r:\documentos\git\projetos\learnopengl\light\lighting02\bin-int\debug-x64\lighting\videoout.obj
r:\documentos\git\projetos\learnopengl\light\lighting02\bin-int\debug-x64\lighting\glad.obj
r:\documentos\git\projetos\learnopengl\light\lighting01\bin\debug-x64\lighting\lighting.lib
r:\documentos\git\projetos\learnopengl\light\lighting01\bin\debug-x64\lighting\lighting.exp
r:\documentos\git\projetos\learnopengl\light\lighting02\bin\debug-x64\lighting\lighting.lib
r:\documentos\git\projetos\learnopengl\light\lighting02\bin\debug-x64\lighting\lighting.exp
r:\documentos\git\projetos\learnopengl\light\lighting01\bin\debug-x64\lighting\lighting.exe
r:\documentos\git\projetos\learnopengl\light\lighting01\bin\debug-x64\lighting\lighting.ilk
r:\documentos\git\projetos\learnopengl\light\lighting01\bin\debug-x64\lighting\lighting.pdb
r:\documentos\git\projetos\learnopengl\light\lighting02\bin\debug-x64\lighting\lighting.exe
r:\documentos\git\projetos\learnopengl\light\lighting02\bin\debug-x64\lighting\lighting.ilk
r:\documentos\git\projetos\learnopengl\light\lighting02\bin\debug-x64\lighting\lighting.pdb
r:\documentos\git\projetos\learnopengl\light\lighting02\bin-int\debug-x64\lighting\lighting.tlog\cl.command.1.tlog
r:\documentos\git\projetos\learnopengl\light\lighting02\bin-int\debug-x64\lighting\lighting.tlog\cl.read.1.tlog
r:\documentos\git\projetos\learnopengl\light\lighting02\bin-int\debug-x64\lighting\lighting.tlog\cl.write.1.tlog
r:\documentos\git\projetos\learnopengl\light\lighting02\bin-int\debug-x64\lighting\lighting.tlog\lighting.write.1u.tlog
r:\documentos\git\projetos\learnopengl\light\lighting02\bin-int\debug-x64\lighting\lighting.tlog\link.command.1.tlog
r:\documentos\git\projetos\learnopengl\light\lighting02\bin-int\debug-x64\lighting\lighting.tlog\link.read.1.tlog
r:\documentos\git\projetos\learnopengl\light\lighting02\bin-int\debug-x64\lighting\lighting.tlog\link.write.1.tlog
